<?xml version="1.0" encoding="UTF-8"?>
<testsuite name="org.example.pagepalapp.ComposeAppAndroidUnitTest" tests="1" skipped="0" failures="0" errors="0" timestamp="2025-10-09T17:53:11.525Z" hostname="VIVIANCOLLINS" time="0.055">
  <properties/>
  <testcase name="example" classname="org.example.pagepalapp.ComposeAppAndroidUnitTest" time="0.055"/>
  <system-out><![CDATA[]]></system-out>
  <system-err><![CDATA[]]></system-err>
</testsuite>
